<?xml version="1.0" encoding="UTF-8"?>
<!-- Generated by org.testng.reporters.JUnitXMLReporter -->
<testsuite ignored="3" hostname="Yogeshs-MacBook-Air.local" failures="0" tests="1" name="Default test" time="12.479" errors="0" timestamp="2022-07-09T15:32:26 IST">
  <testcase classname="com.july.tests.RSPracticeTest" name="dropDownSugg" time="1.302"/>
  <testcase classname="com.july.tests.RSPracticeTest" name="radioBtnCheck" time="0.0">
    <ignored/>
  </testcase> <!-- radioBtnCheck -->
  <testcase classname="com.july.tests.RSPracticeTest" name="RSAPracticePage" time="0.0">
    <ignored/>
  </testcase> <!-- RSAPracticePage -->
  <testcase classname="com.july.tests.RSPracticeTest" name="staticDropDown" time="0.0">
    <ignored/>
  </testcase> <!-- staticDropDown -->
</testsuite> <!-- Default test -->
