<?xml version="1.0" encoding="UTF-8"?>
<!-- Generated by org.testng.reporters.JUnitXMLReporter -->
<testsuite ignored="3" hostname="Yogeshs-MacBook-Air.local" failures="0" tests="1" name="Test" time="10.438" errors="0" timestamp="2022-07-09T15:40:37 IST">
  <testcase classname="com.july.tests.RSPracticeTest" name="dropDownSugg" time="1.38"/>
  <testcase classname="com.july.tests.RSPracticeTest" name="radioBtnCheck" time="0.0">
    <ignored/>
  </testcase> <!-- radioBtnCheck -->
  <testcase classname="com.july.tests.RSPracticeTest" name="staticDropDown" time="0.0">
    <ignored/>
  </testcase> <!-- staticDropDown -->
  <testcase classname="com.july.tests.RSPracticeTest" name="RSAPracticePage" time="0.0">
    <ignored/>
  </testcase> <!-- RSAPracticePage -->
</testsuite> <!-- Test -->
