<?xml version="1.0" encoding="UTF-8"?>
<testng-results ignored="3" total="4" passed="1" failed="0" skipped="0">
  <reporter-output>
  </reporter-output>
  <suite started-at="2022-07-09T15:40:27 IST" name="Suite" finished-at="2022-07-09T15:40:37 IST" duration-ms="10438">
    <groups>
    </groups>
    <test started-at="2022-07-09T15:40:27 IST" name="Test" finished-at="2022-07-09T15:40:37 IST" duration-ms="10438">
      <class name="com.july.tests.RSPracticeTest">
        <test-method is-config="true" signature="setUp()[pri:0, instance:com.july.tests.RSPracticeTest@5170bcf4]" started-at="2022-07-09T15:40:27 IST" name="setUp" finished-at="2022-07-09T15:40:35 IST" duration-ms="8273" status="PASS">
          <reporter-output>
          </reporter-output>
        </test-method> <!-- setUp -->
        <test-method signature="dropDownSugg(java.lang.String)[pri:3, instance:com.july.tests.RSPracticeTest@5170bcf4]" started-at="2022-07-09T15:40:35 IST" name="dropDownSugg" data-provider="data-Country" finished-at="2022-07-09T15:40:37 IST" duration-ms="1380" status="PASS">
          <params>
            <param index="0">
              <value>
                <![CDATA[Ind]]>
              </value>
            </param>
          </params>
          <reporter-output>
          </reporter-output>
        </test-method> <!-- dropDownSugg -->
        <test-method is-config="true" signature="tearDown()[pri:0, instance:com.july.tests.RSPracticeTest@5170bcf4]" started-at="2022-07-09T15:40:37 IST" name="tearDown" finished-at="2022-07-09T15:40:37 IST" duration-ms="183" status="PASS">
          <reporter-output>
          </reporter-output>
        </test-method> <!-- tearDown -->
      </class> <!-- com.july.tests.RSPracticeTest -->
    </test> <!-- Test -->
  </suite> <!-- Suite -->
</testng-results>
